Start testing: Sep 30 19:27 UTC
----------------------------------------------------------
1/1 Testing: unit_tests
1/1 Test: unit_tests
Command: "/Users/iluzaangirova/lab_02/_builds/tests"
Directory: /Users/iluzaangirova/lab_02/_builds
"unit_tests" start time: Sep 30 19:27 UTC
Output:
----------------------------------------------------------
Running main() from gtest_main.cc
[0;32m[==========] [mRunning 1 test from 1 test case.
[0;32m[----------] [mGlobal test environment set-up.
[0;32m[----------] [m1 test from Example
[0;32m[ RUN      ] [mExample.EmptyTest
[0;32m[       OK ] [mExample.EmptyTest (0 ms)
[0;32m[----------] [m1 test from Example (0 ms total)

[0;32m[----------] [mGlobal test environment tear-down
[0;32m[==========] [m1 test from 1 test case ran. (0 ms total)
[0;32m[  PASSED  ] [m1 test.
<end of output>
Test time =   0.01 sec
----------------------------------------------------------
Test Passed.
"unit_tests" end time: Sep 30 19:27 UTC
"unit_tests" time elapsed: 00:00:00
----------------------------------------------------------

End testing: Sep 30 19:27 UTC
